
*** Running vivado
    with args -log OTTER_Wrapper.vds -m64 -product Vivado -mode batch -messageDb vivado.pb -notrace -source OTTER_Wrapper.tcl


ECHO is off.
ECHO is off.

****** Vivado v2023.1.1 (64-bit)
  **** SW Build 3900603 on Fri Jun 16 19:31:24 MDT 2023
  **** IP Build 3900379 on Sat Jun 17 05:28:05 MDT 2023
  **** SharedData Build 3899622 on Fri Jun 16 03:34:24 MDT 2023
    ** Copyright 1986-2022 Xilinx, Inc. All Rights Reserved.
    ** Copyright 2022-2023 Advanced Micro Devices, Inc. All Rights Reserved.

source OTTER_Wrapper.tcl -notrace
create_project: Time (s): cpu = 00:00:15 ; elapsed = 00:00:15 . Memory (MB): peak = 475.938 ; gain = 164.598
Command: read_checkpoint -auto_incremental -incremental Z:/Documents/git/CPE233_Final/OTTER_MCU_Stepper/OTTER_MCU.srcs/utils_1/imports/synth_1/OTTER_MCU.dcp
INFO: [Vivado 12-5825] Read reference checkpoint from Z:/Documents/git/CPE233_Final/OTTER_MCU_Stepper/OTTER_MCU.srcs/utils_1/imports/synth_1/OTTER_MCU.dcp for incremental synthesis
INFO: [Vivado 12-7989] Please ensure there are no constraint changes
Command: synth_design -top OTTER_Wrapper -part xc7a35ticpg236-1L
Starting synth_design
Attempting to get a license for feature 'Synthesis' and/or device 'xc7a35ti'
INFO: [Common 17-349] Got license for feature 'Synthesis' and/or device 'xc7a35ti'
INFO: [Device 21-403] Loading part xc7a35ticpg236-1L
INFO: [Designutils 20-5440] No compile time benefit to using incremental synthesis; A full resynthesis will be run
INFO: [Designutils 20-4379] Flow is switching to default flow due to incremental criteria not met. If you would like to alter this behaviour and have the flow terminate instead, please set the following parameter config_implementation {autoIncr.Synth.RejectBehavior Terminate}
INFO: [Synth 8-7079] Multithreading enabled for synth_design using a maximum of 2 processes.
INFO: [Synth 8-7078] Launching helper process for spawning children vivado processes
INFO: [Synth 8-7075] Helper process launched with PID 10352
---------------------------------------------------------------------------------
Starting RTL Elaboration : Time (s): cpu = 00:00:12 ; elapsed = 00:00:13 . Memory (MB): peak = 1292.742 ; gain = 411.180
---------------------------------------------------------------------------------
INFO: [Synth 8-6157] synthesizing module 'OTTER_Wrapper' [Z:/Documents/git/CPE233_Final/OTTER_MCU_Stepper/OTTER_MCU.srcs/sources_1/new/OTTER_Wrapper_v1_02.sv:17]
INFO: [Synth 8-6157] synthesizing module 'OTTER_MCU' [Z:/Documents/git/CPE233_Final/OTTER_MCU_Stepper/OTTER_MCU.srcs/sources_1/new/OTTER_MCU.sv:15]
INFO: [Synth 8-6157] synthesizing module 'Mux_3x8' [Z:/Documents/git/CPE233_Final/OTTER_MCU_Stepper/OTTER_MCU.srcs/sources_1/new/Mux_3x8.sv:13]
INFO: [Synth 8-226] default block is never used [Z:/Documents/git/CPE233_Final/OTTER_MCU_Stepper/OTTER_MCU.srcs/sources_1/new/Mux_3x8.sv:20]
INFO: [Synth 8-6155] done synthesizing module 'Mux_3x8' (0#1) [Z:/Documents/git/CPE233_Final/OTTER_MCU_Stepper/OTTER_MCU.srcs/sources_1/new/Mux_3x8.sv:13]
WARNING: [Synth 8-7071] port 'MUX_6' of module 'Mux_3x8' is unconnected for instance 'Mux_PC' [Z:/Documents/git/CPE233_Final/OTTER_MCU_Stepper/OTTER_MCU.srcs/sources_1/new/OTTER_MCU.sv:40]
WARNING: [Synth 8-7071] port 'MUX_7' of module 'Mux_3x8' is unconnected for instance 'Mux_PC' [Z:/Documents/git/CPE233_Final/OTTER_MCU_Stepper/OTTER_MCU.srcs/sources_1/new/OTTER_MCU.sv:40]
WARNING: [Synth 8-7023] instance 'Mux_PC' of module 'Mux_3x8' has 10 connections declared, but only 8 given [Z:/Documents/git/CPE233_Final/OTTER_MCU_Stepper/OTTER_MCU.srcs/sources_1/new/OTTER_MCU.sv:40]
INFO: [Synth 8-6157] synthesizing module 'PC' [Z:/Documents/git/CPE233_Final/OTTER_MCU_Stepper/OTTER_MCU.srcs/sources_1/new/PC.sv:15]
INFO: [Synth 8-6155] done synthesizing module 'PC' (0#1) [Z:/Documents/git/CPE233_Final/OTTER_MCU_Stepper/OTTER_MCU.srcs/sources_1/new/PC.sv:15]
INFO: [Synth 8-6157] synthesizing module 'Memory' [Z:/Documents/git/CPE233_Final/OTTER_MCU_Stepper/OTTER_MCU.srcs/sources_1/new/otter_memory_v1_07.sv:48]
INFO: [Synth 8-3876] $readmem data file 'StepperMotor.mem' is read successfully [Z:/Documents/git/CPE233_Final/OTTER_MCU_Stepper/OTTER_MCU.srcs/sources_1/new/otter_memory_v1_07.sv:73]
INFO: [Synth 8-155] case statement is not full and has no default [Z:/Documents/git/CPE233_Final/OTTER_MCU_Stepper/OTTER_MCU.srcs/sources_1/new/otter_memory_v1_07.sv:95]
INFO: [Synth 8-6155] done synthesizing module 'Memory' (0#1) [Z:/Documents/git/CPE233_Final/OTTER_MCU_Stepper/OTTER_MCU.srcs/sources_1/new/otter_memory_v1_07.sv:48]
INFO: [Synth 8-6157] synthesizing module 'Mux_2x4' [Z:/Documents/git/CPE233_Final/OTTER_MCU_Stepper/OTTER_MCU.srcs/sources_1/new/Mux_2x4.sv:13]
INFO: [Synth 8-226] default block is never used [Z:/Documents/git/CPE233_Final/OTTER_MCU_Stepper/OTTER_MCU.srcs/sources_1/new/Mux_2x4.sv:20]
INFO: [Synth 8-6155] done synthesizing module 'Mux_2x4' (0#1) [Z:/Documents/git/CPE233_Final/OTTER_MCU_Stepper/OTTER_MCU.srcs/sources_1/new/Mux_2x4.sv:13]
INFO: [Synth 8-6157] synthesizing module 'RegFile' [Z:/Documents/git/CPE233_Final/OTTER_MCU_Stepper/OTTER_MCU.srcs/sources_1/new/RegFile.sv:15]
INFO: [Synth 8-6155] done synthesizing module 'RegFile' (0#1) [Z:/Documents/git/CPE233_Final/OTTER_MCU_Stepper/OTTER_MCU.srcs/sources_1/new/RegFile.sv:15]
INFO: [Synth 8-6157] synthesizing module 'IMMED_GEN' [Z:/Documents/git/CPE233_Final/OTTER_MCU_Stepper/OTTER_MCU.srcs/sources_1/new/IMMED_GEN.sv:14]
INFO: [Synth 8-6155] done synthesizing module 'IMMED_GEN' (0#1) [Z:/Documents/git/CPE233_Final/OTTER_MCU_Stepper/OTTER_MCU.srcs/sources_1/new/IMMED_GEN.sv:14]
INFO: [Synth 8-6157] synthesizing module 'Branch_Add_Gen' [Z:/Documents/git/CPE233_Final/OTTER_MCU_Stepper/OTTER_MCU.srcs/sources_1/new/Branch_Add_Gen.sv:14]
INFO: [Synth 8-6155] done synthesizing module 'Branch_Add_Gen' (0#1) [Z:/Documents/git/CPE233_Final/OTTER_MCU_Stepper/OTTER_MCU.srcs/sources_1/new/Branch_Add_Gen.sv:14]
WARNING: [Synth 8-7071] port 'MUX_3' of module 'Mux_2x4' is unconnected for instance 'Mux_ALU_A' [Z:/Documents/git/CPE233_Final/OTTER_MCU_Stepper/OTTER_MCU.srcs/sources_1/new/OTTER_MCU.sv:50]
WARNING: [Synth 8-7023] instance 'Mux_ALU_A' of module 'Mux_2x4' has 6 connections declared, but only 5 given [Z:/Documents/git/CPE233_Final/OTTER_MCU_Stepper/OTTER_MCU.srcs/sources_1/new/OTTER_MCU.sv:50]
WARNING: [Synth 8-7071] port 'MUX_5' of module 'Mux_3x8' is unconnected for instance 'Mux_ALU_B' [Z:/Documents/git/CPE233_Final/OTTER_MCU_Stepper/OTTER_MCU.srcs/sources_1/new/OTTER_MCU.sv:51]
WARNING: [Synth 8-7071] port 'MUX_6' of module 'Mux_3x8' is unconnected for instance 'Mux_ALU_B' [Z:/Documents/git/CPE233_Final/OTTER_MCU_Stepper/OTTER_MCU.srcs/sources_1/new/OTTER_MCU.sv:51]
WARNING: [Synth 8-7071] port 'MUX_7' of module 'Mux_3x8' is unconnected for instance 'Mux_ALU_B' [Z:/Documents/git/CPE233_Final/OTTER_MCU_Stepper/OTTER_MCU.srcs/sources_1/new/OTTER_MCU.sv:51]
WARNING: [Synth 8-7023] instance 'Mux_ALU_B' of module 'Mux_3x8' has 10 connections declared, but only 7 given [Z:/Documents/git/CPE233_Final/OTTER_MCU_Stepper/OTTER_MCU.srcs/sources_1/new/OTTER_MCU.sv:51]
INFO: [Synth 8-6157] synthesizing module 'ALU' [Z:/Documents/git/CPE233_Final/OTTER_MCU_Stepper/OTTER_MCU.srcs/sources_1/new/ALU.sv:15]
INFO: [Synth 8-6155] done synthesizing module 'ALU' (0#1) [Z:/Documents/git/CPE233_Final/OTTER_MCU_Stepper/OTTER_MCU.srcs/sources_1/new/ALU.sv:15]
INFO: [Synth 8-6157] synthesizing module 'Branch_Cond_Gen' [Z:/Documents/git/CPE233_Final/OTTER_MCU_Stepper/OTTER_MCU.srcs/sources_1/new/Branch_Cond_Gen.sv:15]
INFO: [Synth 8-6155] done synthesizing module 'Branch_Cond_Gen' (0#1) [Z:/Documents/git/CPE233_Final/OTTER_MCU_Stepper/OTTER_MCU.srcs/sources_1/new/Branch_Cond_Gen.sv:15]
INFO: [Synth 8-6157] synthesizing module 'CU_DCDR' [Z:/Documents/git/CPE233_Final/OTTER_MCU_Stepper/OTTER_MCU.srcs/sources_1/new/CU_DCDR.sv:15]
INFO: [Synth 8-155] case statement is not full and has no default [Z:/Documents/git/CPE233_Final/OTTER_MCU_Stepper/OTTER_MCU.srcs/sources_1/new/CU_DCDR.sv:117]
INFO: [Synth 8-155] case statement is not full and has no default [Z:/Documents/git/CPE233_Final/OTTER_MCU_Stepper/OTTER_MCU.srcs/sources_1/new/CU_DCDR.sv:31]
INFO: [Synth 8-6155] done synthesizing module 'CU_DCDR' (0#1) [Z:/Documents/git/CPE233_Final/OTTER_MCU_Stepper/OTTER_MCU.srcs/sources_1/new/CU_DCDR.sv:15]
INFO: [Synth 8-6157] synthesizing module 'CU_FSM' [Z:/Documents/git/CPE233_Final/OTTER_MCU_Stepper/OTTER_MCU.srcs/sources_1/new/CU_FSM.sv:16]
INFO: [Synth 8-155] case statement is not full and has no default [Z:/Documents/git/CPE233_Final/OTTER_MCU_Stepper/OTTER_MCU.srcs/sources_1/new/CU_FSM.sv:49]
INFO: [Synth 8-6155] done synthesizing module 'CU_FSM' (0#1) [Z:/Documents/git/CPE233_Final/OTTER_MCU_Stepper/OTTER_MCU.srcs/sources_1/new/CU_FSM.sv:16]
INFO: [Synth 8-6157] synthesizing module 'CSR' [Z:/Documents/git/CPE233_Final/OTTER_MCU_Stepper/OTTER_MCU.srcs/sources_1/new/CSR.sv:14]
INFO: [Synth 8-155] case statement is not full and has no default [Z:/Documents/git/CPE233_Final/OTTER_MCU_Stepper/OTTER_MCU.srcs/sources_1/new/CSR.sv:26]
INFO: [Synth 8-6155] done synthesizing module 'CSR' (0#1) [Z:/Documents/git/CPE233_Final/OTTER_MCU_Stepper/OTTER_MCU.srcs/sources_1/new/CSR.sv:14]
INFO: [Synth 8-6155] done synthesizing module 'OTTER_MCU' (0#1) [Z:/Documents/git/CPE233_Final/OTTER_MCU_Stepper/OTTER_MCU.srcs/sources_1/new/OTTER_MCU.sv:15]
INFO: [Synth 8-6157] synthesizing module 'SevSegDisp' [Z:/Documents/git/CPE233_Final/OTTER_MCU_Stepper/OTTER_MCU.srcs/sources_1/new/SevSegDisp.sv:21]
INFO: [Synth 8-6157] synthesizing module 'BCD' [Z:/Documents/git/CPE233_Final/OTTER_MCU_Stepper/OTTER_MCU.srcs/sources_1/new/BCD.sv:18]
INFO: [Synth 8-6155] done synthesizing module 'BCD' (0#1) [Z:/Documents/git/CPE233_Final/OTTER_MCU_Stepper/OTTER_MCU.srcs/sources_1/new/BCD.sv:18]
INFO: [Synth 8-6157] synthesizing module 'CathodeDriver' [Z:/Documents/git/CPE233_Final/OTTER_MCU_Stepper/OTTER_MCU.srcs/sources_1/new/CathodeDriver.sv:22]
INFO: [Synth 8-226] default block is never used [Z:/Documents/git/CPE233_Final/OTTER_MCU_Stepper/OTTER_MCU.srcs/sources_1/new/CathodeDriver.sv:46]
INFO: [Synth 8-226] default block is never used [Z:/Documents/git/CPE233_Final/OTTER_MCU_Stepper/OTTER_MCU.srcs/sources_1/new/CathodeDriver.sv:49]
INFO: [Synth 8-226] default block is never used [Z:/Documents/git/CPE233_Final/OTTER_MCU_Stepper/OTTER_MCU.srcs/sources_1/new/CathodeDriver.sv:71]
INFO: [Synth 8-226] default block is never used [Z:/Documents/git/CPE233_Final/OTTER_MCU_Stepper/OTTER_MCU.srcs/sources_1/new/CathodeDriver.sv:93]
INFO: [Synth 8-226] default block is never used [Z:/Documents/git/CPE233_Final/OTTER_MCU_Stepper/OTTER_MCU.srcs/sources_1/new/CathodeDriver.sv:115]
INFO: [Synth 8-6155] done synthesizing module 'CathodeDriver' (0#1) [Z:/Documents/git/CPE233_Final/OTTER_MCU_Stepper/OTTER_MCU.srcs/sources_1/new/CathodeDriver.sv:22]
INFO: [Synth 8-6155] done synthesizing module 'SevSegDisp' (0#1) [Z:/Documents/git/CPE233_Final/OTTER_MCU_Stepper/OTTER_MCU.srcs/sources_1/new/SevSegDisp.sv:21]
INFO: [Synth 8-6157] synthesizing module 'Debouncer' [Z:/Documents/git/CPE233_Final/OTTER_MCU_Stepper/OTTER_MCU.srcs/sources_1/new/Debouncer.sv:27]
INFO: [Synth 8-6155] done synthesizing module 'Debouncer' (0#1) [Z:/Documents/git/CPE233_Final/OTTER_MCU_Stepper/OTTER_MCU.srcs/sources_1/new/Debouncer.sv:27]
INFO: [Synth 8-6157] synthesizing module 'DataIn' [Z:/Documents/git/CPE233_Final/OTTER_MCU_Stepper/OTTER_MCU.srcs/sources_1/new/DataIn.sv:18]
INFO: [Synth 8-6155] done synthesizing module 'DataIn' (0#1) [Z:/Documents/git/CPE233_Final/OTTER_MCU_Stepper/OTTER_MCU.srcs/sources_1/new/DataIn.sv:18]
INFO: [Synth 8-6157] synthesizing module 'StepperDriver' [Z:/Documents/git/CPE233_Final/OTTER_MCU_Stepper/OTTER_MCU.srcs/sources_1/new/StepperDriver.sv:19]
INFO: [Synth 8-6155] done synthesizing module 'StepperDriver' (0#1) [Z:/Documents/git/CPE233_Final/OTTER_MCU_Stepper/OTTER_MCU.srcs/sources_1/new/StepperDriver.sv:19]
INFO: [Synth 8-155] case statement is not full and has no default [Z:/Documents/git/CPE233_Final/OTTER_MCU_Stepper/OTTER_MCU.srcs/sources_1/new/OTTER_Wrapper_v1_02.sv:131]
INFO: [Synth 8-6155] done synthesizing module 'OTTER_Wrapper' (0#1) [Z:/Documents/git/CPE233_Final/OTTER_MCU_Stepper/OTTER_MCU.srcs/sources_1/new/OTTER_Wrapper_v1_02.sv:17]
WARNING: [Synth 8-6014] Unused sequential element data_reg_reg was removed.  [Z:/Documents/git/CPE233_Final/OTTER_MCU_Stepper/OTTER_MCU.srcs/sources_1/new/DataIn.sv:45]
WARNING: [Synth 8-6014] Unused sequential element axis_reg_reg was removed.  [Z:/Documents/git/CPE233_Final/OTTER_MCU_Stepper/OTTER_MCU.srcs/sources_1/new/DataIn.sv:46]
WARNING: [Synth 8-3848] Net data in module/entity DataIn does not have driver. [Z:/Documents/git/CPE233_Final/OTTER_MCU_Stepper/OTTER_MCU.srcs/sources_1/new/DataIn.sv:34]
WARNING: [Synth 8-87] always_comb on 'next_pole_reg' did not result in combinational logic [Z:/Documents/git/CPE233_Final/OTTER_MCU_Stepper/OTTER_MCU.srcs/sources_1/new/StepperDriver.sv:81]
WARNING: [Synth 8-7129] Port accVal[31] in module StepperDriver is either unconnected or has no load
WARNING: [Synth 8-7129] Port accVal[30] in module StepperDriver is either unconnected or has no load
WARNING: [Synth 8-7129] Port accVal[29] in module StepperDriver is either unconnected or has no load
WARNING: [Synth 8-7129] Port accVal[28] in module StepperDriver is either unconnected or has no load
WARNING: [Synth 8-7129] Port accVal[27] in module StepperDriver is either unconnected or has no load
WARNING: [Synth 8-7129] Port accVal[26] in module StepperDriver is either unconnected or has no load
WARNING: [Synth 8-7129] Port accVal[25] in module StepperDriver is either unconnected or has no load
WARNING: [Synth 8-7129] Port accVal[24] in module StepperDriver is either unconnected or has no load
WARNING: [Synth 8-7129] Port accVal[23] in module StepperDriver is either unconnected or has no load
WARNING: [Synth 8-7129] Port accVal[22] in module StepperDriver is either unconnected or has no load
WARNING: [Synth 8-7129] Port accVal[21] in module StepperDriver is either unconnected or has no load
WARNING: [Synth 8-7129] Port accVal[20] in module StepperDriver is either unconnected or has no load
WARNING: [Synth 8-7129] Port accVal[19] in module StepperDriver is either unconnected or has no load
WARNING: [Synth 8-7129] Port accVal[18] in module StepperDriver is either unconnected or has no load
WARNING: [Synth 8-7129] Port accVal[17] in module StepperDriver is either unconnected or has no load
WARNING: [Synth 8-7129] Port accVal[16] in module StepperDriver is either unconnected or has no load
WARNING: [Synth 8-7129] Port accVal[15] in module StepperDriver is either unconnected or has no load
WARNING: [Synth 8-7129] Port accVal[14] in module StepperDriver is either unconnected or has no load
WARNING: [Synth 8-7129] Port accVal[13] in module StepperDriver is either unconnected or has no load
WARNING: [Synth 8-7129] Port accVal[12] in module StepperDriver is either unconnected or has no load
WARNING: [Synth 8-7129] Port accVal[11] in module StepperDriver is either unconnected or has no load
WARNING: [Synth 8-7129] Port accVal[10] in module StepperDriver is either unconnected or has no load
WARNING: [Synth 8-7129] Port accVal[9] in module StepperDriver is either unconnected or has no load
WARNING: [Synth 8-7129] Port accVal[8] in module StepperDriver is either unconnected or has no load
WARNING: [Synth 8-7129] Port accVal[7] in module StepperDriver is either unconnected or has no load
WARNING: [Synth 8-7129] Port accVal[6] in module StepperDriver is either unconnected or has no load
WARNING: [Synth 8-7129] Port accVal[5] in module StepperDriver is either unconnected or has no load
WARNING: [Synth 8-7129] Port accVal[4] in module StepperDriver is either unconnected or has no load
WARNING: [Synth 8-7129] Port accVal[3] in module StepperDriver is either unconnected or has no load
WARNING: [Synth 8-7129] Port accVal[2] in module StepperDriver is either unconnected or has no load
WARNING: [Synth 8-7129] Port accVal[1] in module StepperDriver is either unconnected or has no load
WARNING: [Synth 8-7129] Port accVal[0] in module StepperDriver is either unconnected or has no load
WARNING: [Synth 8-7129] Port data[31] in module DataIn is either unconnected or has no load
WARNING: [Synth 8-7129] Port data[30] in module DataIn is either unconnected or has no load
WARNING: [Synth 8-7129] Port data[29] in module DataIn is either unconnected or has no load
WARNING: [Synth 8-7129] Port data[28] in module DataIn is either unconnected or has no load
WARNING: [Synth 8-7129] Port data[27] in module DataIn is either unconnected or has no load
WARNING: [Synth 8-7129] Port data[26] in module DataIn is either unconnected or has no load
WARNING: [Synth 8-7129] Port data[25] in module DataIn is either unconnected or has no load
WARNING: [Synth 8-7129] Port data[24] in module DataIn is either unconnected or has no load
WARNING: [Synth 8-7129] Port data[23] in module DataIn is either unconnected or has no load
WARNING: [Synth 8-7129] Port data[22] in module DataIn is either unconnected or has no load
WARNING: [Synth 8-7129] Port data[21] in module DataIn is either unconnected or has no load
WARNING: [Synth 8-7129] Port data[20] in module DataIn is either unconnected or has no load
WARNING: [Synth 8-7129] Port data[19] in module DataIn is either unconnected or has no load
WARNING: [Synth 8-7129] Port data[18] in module DataIn is either unconnected or has no load
WARNING: [Synth 8-7129] Port data[17] in module DataIn is either unconnected or has no load
WARNING: [Synth 8-7129] Port data[16] in module DataIn is either unconnected or has no load
WARNING: [Synth 8-7129] Port data[15] in module DataIn is either unconnected or has no load
WARNING: [Synth 8-7129] Port data[14] in module DataIn is either unconnected or has no load
WARNING: [Synth 8-7129] Port data[13] in module DataIn is either unconnected or has no load
WARNING: [Synth 8-7129] Port data[12] in module DataIn is either unconnected or has no load
WARNING: [Synth 8-7129] Port data[11] in module DataIn is either unconnected or has no load
WARNING: [Synth 8-7129] Port data[10] in module DataIn is either unconnected or has no load
WARNING: [Synth 8-7129] Port data[9] in module DataIn is either unconnected or has no load
WARNING: [Synth 8-7129] Port data[8] in module DataIn is either unconnected or has no load
WARNING: [Synth 8-7129] Port data[7] in module DataIn is either unconnected or has no load
WARNING: [Synth 8-7129] Port data[6] in module DataIn is either unconnected or has no load
WARNING: [Synth 8-7129] Port data[5] in module DataIn is either unconnected or has no load
WARNING: [Synth 8-7129] Port data[4] in module DataIn is either unconnected or has no load
WARNING: [Synth 8-7129] Port data[3] in module DataIn is either unconnected or has no load
WARNING: [Synth 8-7129] Port data[2] in module DataIn is either unconnected or has no load
WARNING: [Synth 8-7129] Port data[1] in module DataIn is either unconnected or has no load
WARNING: [Synth 8-7129] Port data[0] in module DataIn is either unconnected or has no load
WARNING: [Synth 8-7129] Port data0 in module DataIn is either unconnected or has no load
WARNING: [Synth 8-7129] Port data1 in module DataIn is either unconnected or has no load
WARNING: [Synth 8-7129] Port data2 in module DataIn is either unconnected or has no load
WARNING: [Synth 8-7129] Port data3 in module DataIn is either unconnected or has no load
WARNING: [Synth 8-7129] Port data4 in module DataIn is either unconnected or has no load
WARNING: [Synth 8-7129] Port data5 in module DataIn is either unconnected or has no load
WARNING: [Synth 8-7129] Port data6 in module DataIn is either unconnected or has no load
WARNING: [Synth 8-7129] Port data7 in module DataIn is either unconnected or has no load
WARNING: [Synth 8-7129] Port ir[19] in module CSR is either unconnected or has no load
WARNING: [Synth 8-7129] Port ir[18] in module CSR is either unconnected or has no load
WARNING: [Synth 8-7129] Port ir[17] in module CSR is either unconnected or has no load
WARNING: [Synth 8-7129] Port ir[16] in module CSR is either unconnected or has no load
WARNING: [Synth 8-7129] Port ir[15] in module CSR is either unconnected or has no load
WARNING: [Synth 8-7129] Port ir[14] in module CSR is either unconnected or has no load
WARNING: [Synth 8-7129] Port ir[13] in module CSR is either unconnected or has no load
WARNING: [Synth 8-7129] Port ir[12] in module CSR is either unconnected or has no load
WARNING: [Synth 8-7129] Port ir[11] in module CSR is either unconnected or has no load
WARNING: [Synth 8-7129] Port ir[10] in module CSR is either unconnected or has no load
WARNING: [Synth 8-7129] Port ir[9] in module CSR is either unconnected or has no load
WARNING: [Synth 8-7129] Port ir[8] in module CSR is either unconnected or has no load
WARNING: [Synth 8-7129] Port ir[7] in module CSR is either unconnected or has no load
WARNING: [Synth 8-7129] Port ir[6] in module CSR is either unconnected or has no load
WARNING: [Synth 8-7129] Port ir[5] in module CSR is either unconnected or has no load
WARNING: [Synth 8-7129] Port ir[4] in module CSR is either unconnected or has no load
WARNING: [Synth 8-7129] Port ir[3] in module CSR is either unconnected or has no load
WARNING: [Synth 8-7129] Port ir[2] in module CSR is either unconnected or has no load
WARNING: [Synth 8-7129] Port ir[1] in module CSR is either unconnected or has no load
WARNING: [Synth 8-7129] Port ir[0] in module CSR is either unconnected or has no load
WARNING: [Synth 8-7129] Port ir[31] in module CU_FSM is either unconnected or has no load
WARNING: [Synth 8-7129] Port ir[30] in module CU_FSM is either unconnected or has no load
WARNING: [Synth 8-7129] Port ir[29] in module CU_FSM is either unconnected or has no load
WARNING: [Synth 8-7129] Port ir[28] in module CU_FSM is either unconnected or has no load
WARNING: [Synth 8-7129] Port ir[27] in module CU_FSM is either unconnected or has no load
WARNING: [Synth 8-7129] Port ir[26] in module CU_FSM is either unconnected or has no load
WARNING: [Synth 8-7129] Port ir[25] in module CU_FSM is either unconnected or has no load
WARNING: [Synth 8-7129] Port ir[24] in module CU_FSM is either unconnected or has no load
INFO: [Common 17-14] Message 'Synth 8-7129' appears 100 times and further instances of the messages will be disabled. Use the Tcl command set_msg_config to change the current settings.
---------------------------------------------------------------------------------
Finished RTL Elaboration : Time (s): cpu = 00:00:16 ; elapsed = 00:00:17 . Memory (MB): peak = 1400.766 ; gain = 519.203
---------------------------------------------------------------------------------
---------------------------------------------------------------------------------
Start Handling Custom Attributes
---------------------------------------------------------------------------------
---------------------------------------------------------------------------------
Finished Handling Custom Attributes : Time (s): cpu = 00:00:17 ; elapsed = 00:00:17 . Memory (MB): peak = 1400.766 ; gain = 519.203
---------------------------------------------------------------------------------
---------------------------------------------------------------------------------
Finished RTL Optimization Phase 1 : Time (s): cpu = 00:00:17 ; elapsed = 00:00:17 . Memory (MB): peak = 1400.766 ; gain = 519.203
---------------------------------------------------------------------------------
Netlist sorting complete. Time (s): cpu = 00:00:00 ; elapsed = 00:00:00.094 . Memory (MB): peak = 1400.766 ; gain = 0.000
INFO: [Project 1-570] Preparing netlist for logic optimization

Processing XDC Constraints
Initializing timing engine
Parsing XDC File [Z:/Documents/git/CPE233_Final/OTTER_MCU_Stepper/Basys3_constraints.xdc]
Finished Parsing XDC File [Z:/Documents/git/CPE233_Final/OTTER_MCU_Stepper/Basys3_constraints.xdc]
INFO: [Project 1-236] Implementation specific constraints were found while reading constraint file [Z:/Documents/git/CPE233_Final/OTTER_MCU_Stepper/Basys3_constraints.xdc]. These constraints will be ignored for synthesis but will be used in implementation. Impacted constraints are listed in the file [.Xil/OTTER_Wrapper_propImpl.xdc].
Resolution: To avoid this warning, move constraints listed in [.Xil/OTTER_Wrapper_propImpl.xdc] to another XDC file and exclude this new file from synthesis with the used_in_synthesis property (File Properties dialog in GUI) and re-run elaboration/synthesis.
Completed Processing XDC Constraints

Netlist sorting complete. Time (s): cpu = 00:00:00 ; elapsed = 00:00:00.001 . Memory (MB): peak = 1430.586 ; gain = 0.000
INFO: [Project 1-111] Unisim Transformation Summary:
No Unisim elements were transformed.

Constraint Validation Runtime : Time (s): cpu = 00:00:00 ; elapsed = 00:00:00.015 . Memory (MB): peak = 1430.586 ; gain = 0.000
INFO: [Designutils 20-5440] No compile time benefit to using incremental synthesis; A full resynthesis will be run
INFO: [Designutils 20-4379] Flow is switching to default flow due to incremental criteria not met. If you would like to alter this behaviour and have the flow terminate instead, please set the following parameter config_implementation {autoIncr.Synth.RejectBehavior Terminate}
---------------------------------------------------------------------------------
Finished Constraint Validation : Time (s): cpu = 00:00:35 ; elapsed = 00:00:36 . Memory (MB): peak = 1430.586 ; gain = 549.023
---------------------------------------------------------------------------------
---------------------------------------------------------------------------------
Start Loading Part and Timing Information
---------------------------------------------------------------------------------
Loading part: xc7a35ticpg236-1L
---------------------------------------------------------------------------------
Finished Loading Part and Timing Information : Time (s): cpu = 00:00:35 ; elapsed = 00:00:36 . Memory (MB): peak = 1430.586 ; gain = 549.023
---------------------------------------------------------------------------------
---------------------------------------------------------------------------------
Start Applying 'set_property' XDC Constraints
---------------------------------------------------------------------------------
---------------------------------------------------------------------------------
Finished applying 'set_property' XDC Constraints : Time (s): cpu = 00:00:35 ; elapsed = 00:00:36 . Memory (MB): peak = 1430.586 ; gain = 549.023
---------------------------------------------------------------------------------
INFO: [Synth 8-802] inferred FSM for state register 'PS_reg' in module 'CU_FSM'
INFO: [Synth 8-7030] Implemented Non-Cascaded Block Ram (cascade_height = 1) of width 32 for RAM "Memory:/memory_reg"
INFO: [Synth 8-7030] Implemented Non-Cascaded Block Ram (cascade_height = 1) of width 32 for RAM "Memory:/memory_reg"
INFO: [Synth 8-7030] Implemented Non-Cascaded Block Ram (cascade_height = 1) of width 32 for RAM "Memory:/memory_reg"
INFO: [Synth 8-7030] Implemented Non-Cascaded Block Ram (cascade_height = 1) of width 32 for RAM "Memory:/memory_reg"
INFO: [Synth 8-7030] Implemented Non-Cascaded Block Ram (cascade_height = 1) of width 32 for RAM "Memory:/memory_reg"
INFO: [Synth 8-7030] Implemented Non-Cascaded Block Ram (cascade_height = 1) of width 32 for RAM "Memory:/memory_reg"
INFO: [Synth 8-7030] Implemented Non-Cascaded Block Ram (cascade_height = 1) of width 32 for RAM "Memory:/memory_reg"
INFO: [Synth 8-7030] Implemented Non-Cascaded Block Ram (cascade_height = 1) of width 32 for RAM "Memory:/memory_reg"
INFO: [Synth 8-7030] Implemented Non-Cascaded Block Ram (cascade_height = 1) of width 32 for RAM "Memory:/memory_reg"
INFO: [Synth 8-7030] Implemented Non-Cascaded Block Ram (cascade_height = 1) of width 32 for RAM "Memory:/memory_reg"
INFO: [Synth 8-7030] Implemented Non-Cascaded Block Ram (cascade_height = 1) of width 32 for RAM "Memory:/memory_reg"
INFO: [Synth 8-7030] Implemented Non-Cascaded Block Ram (cascade_height = 1) of width 32 for RAM "Memory:/memory_reg"
INFO: [Synth 8-7030] Implemented Non-Cascaded Block Ram (cascade_height = 1) of width 32 for RAM "Memory:/memory_reg"
INFO: [Synth 8-7030] Implemented Non-Cascaded Block Ram (cascade_height = 1) of width 32 for RAM "Memory:/memory_reg"
INFO: [Synth 8-7030] Implemented Non-Cascaded Block Ram (cascade_height = 1) of width 32 for RAM "Memory:/memory_reg"
INFO: [Synth 8-7030] Implemented Non-Cascaded Block Ram (cascade_height = 1) of width 32 for RAM "Memory:/memory_reg"
---------------------------------------------------------------------------------------------------
                   State |                     New Encoding |                Previous Encoding 
---------------------------------------------------------------------------------------------------
                 ST_INIT |                            00001 | 00000000000000000000000000000000
                ST_FETCH |                            00010 | 00000000000000000000000000000001
                 ST_EXEC |                            00100 | 00000000000000000000000000000010
                ST_WRITE |                            01000 | 00000000000000000000000000000011
                 ST_INTR |                            10000 | 00000000000000000000000000000100
---------------------------------------------------------------------------------------------------
INFO: [Synth 8-3354] encoded FSM with state register 'PS_reg' using encoding 'one-hot' in module 'CU_FSM'
WARNING: [Synth 8-327] inferring latch for variable 'next_pole_reg' [Z:/Documents/git/CPE233_Final/OTTER_MCU_Stepper/OTTER_MCU.srcs/sources_1/new/StepperDriver.sv:81]
---------------------------------------------------------------------------------
Finished RTL Optimization Phase 2 : Time (s): cpu = 00:00:37 ; elapsed = 00:00:38 . Memory (MB): peak = 1430.586 ; gain = 549.023
---------------------------------------------------------------------------------
INFO: [Synth 8-223] decloning instance 'StepperDriver1' (StepperDriver) to 'StepperDriver2'
---------------------------------------------------------------------------------
Start RTL Component Statistics 
---------------------------------------------------------------------------------
Detailed RTL Component Info : 
+---Adders : 
	   2 Input   32 Bit       Adders := 5     
	   3 Input   32 Bit       Adders := 1     
	   2 Input   20 Bit       Adders := 1     
	   2 Input    4 Bit       Adders := 34    
	   2 Input    3 Bit       Adders := 7     
	   2 Input    2 Bit       Adders := 1     
+---XORs : 
	   2 Input     32 Bit         XORs := 1     
	   2 Input      1 Bit         XORs := 3     
+---Registers : 
	               32 Bit    Registers := 8     
	               16 Bit    Registers := 2     
	                8 Bit    Registers := 1     
	                5 Bit    Registers := 1     
	                4 Bit    Registers := 1     
	                2 Bit    Registers := 1     
	                1 Bit    Registers := 7     
+---RAMs : 
	             512K Bit	(16384 X 32 bit)          RAMs := 1     
+---Muxes : 
	   9 Input   32 Bit        Muxes := 2     
	  16 Input   32 Bit        Muxes := 1     
	   2 Input   32 Bit        Muxes := 13    
	   4 Input   32 Bit        Muxes := 5     
	   2 Input   16 Bit        Muxes := 1     
	  19 Input    8 Bit        Muxes := 1     
	   5 Input    5 Bit        Muxes := 1     
	   2 Input    5 Bit        Muxes := 3     
	   2 Input    4 Bit        Muxes := 32    
	   4 Input    4 Bit        Muxes := 2     
	  11 Input    4 Bit        Muxes := 1     
	   2 Input    3 Bit        Muxes := 7     
	  11 Input    3 Bit        Muxes := 2     
	   4 Input    3 Bit        Muxes := 1     
	   2 Input    2 Bit        Muxes := 1     
	   4 Input    2 Bit        Muxes := 1     
	  11 Input    2 Bit        Muxes := 2     
	   9 Input    1 Bit        Muxes := 1     
	   2 Input    1 Bit        Muxes := 15    
	  11 Input    1 Bit        Muxes := 6     
	   5 Input    1 Bit        Muxes := 6     
	   4 Input    1 Bit        Muxes := 10    
---------------------------------------------------------------------------------
Finished RTL Component Statistics 
---------------------------------------------------------------------------------
---------------------------------------------------------------------------------
Start Part Resource Summary
---------------------------------------------------------------------------------
Part Resources:
DSPs: 90 (col length:60)
BRAMs: 100 (col length: RAMB18 60 RAMB36 30)
---------------------------------------------------------------------------------
Finished Part Resource Summary
---------------------------------------------------------------------------------
---------------------------------------------------------------------------------
Start Cross Boundary and Area Optimization
---------------------------------------------------------------------------------
WARNING: [Synth 8-7080] Parallel synthesis criteria is not met
INFO: [Synth 8-7030] Implemented Non-Cascaded Block Ram (cascade_height = 1) of width 32 for RAM "OTTER_MCU/Memory/memory_reg"
INFO: [Synth 8-7030] Implemented Non-Cascaded Block Ram (cascade_height = 1) of width 32 for RAM "OTTER_MCU/Memory/memory_reg"
INFO: [Synth 8-7030] Implemented Non-Cascaded Block Ram (cascade_height = 1) of width 32 for RAM "OTTER_MCU/Memory/memory_reg"
INFO: [Synth 8-7030] Implemented Non-Cascaded Block Ram (cascade_height = 1) of width 32 for RAM "OTTER_MCU/Memory/memory_reg"
INFO: [Synth 8-7030] Implemented Non-Cascaded Block Ram (cascade_height = 1) of width 32 for RAM "OTTER_MCU/Memory/memory_reg"
INFO: [Synth 8-7030] Implemented Non-Cascaded Block Ram (cascade_height = 1) of width 32 for RAM "OTTER_MCU/Memory/memory_reg"
INFO: [Synth 8-7030] Implemented Non-Cascaded Block Ram (cascade_height = 1) of width 32 for RAM "OTTER_MCU/Memory/memory_reg"
INFO: [Synth 8-7030] Implemented Non-Cascaded Block Ram (cascade_height = 1) of width 32 for RAM "OTTER_MCU/Memory/memory_reg"
INFO: [Synth 8-7030] Implemented Non-Cascaded Block Ram (cascade_height = 1) of width 32 for RAM "OTTER_MCU/Memory/memory_reg"
INFO: [Synth 8-7030] Implemented Non-Cascaded Block Ram (cascade_height = 1) of width 32 for RAM "OTTER_MCU/Memory/memory_reg"
INFO: [Synth 8-7030] Implemented Non-Cascaded Block Ram (cascade_height = 1) of width 32 for RAM "OTTER_MCU/Memory/memory_reg"
INFO: [Synth 8-7030] Implemented Non-Cascaded Block Ram (cascade_height = 1) of width 32 for RAM "OTTER_MCU/Memory/memory_reg"
INFO: [Synth 8-7030] Implemented Non-Cascaded Block Ram (cascade_height = 1) of width 32 for RAM "OTTER_MCU/Memory/memory_reg"
INFO: [Synth 8-7030] Implemented Non-Cascaded Block Ram (cascade_height = 1) of width 32 for RAM "OTTER_MCU/Memory/memory_reg"
INFO: [Synth 8-7030] Implemented Non-Cascaded Block Ram (cascade_height = 1) of width 32 for RAM "OTTER_MCU/Memory/memory_reg"
INFO: [Synth 8-7030] Implemented Non-Cascaded Block Ram (cascade_height = 1) of width 32 for RAM "OTTER_MCU/Memory/memory_reg"
WARNING: [Synth 8-3332] Sequential element (StepperDriver1/next_pole_reg[2]) is unused and will be removed from module OTTER_Wrapper.
WARNING: [Synth 8-3332] Sequential element (StepperDriver1/next_pole_reg[1]) is unused and will be removed from module OTTER_Wrapper.
WARNING: [Synth 8-3332] Sequential element (StepperDriver1/next_pole_reg[0]) is unused and will be removed from module OTTER_Wrapper.
---------------------------------------------------------------------------------
Finished Cross Boundary and Area Optimization : Time (s): cpu = 00:01:13 ; elapsed = 00:01:15 . Memory (MB): peak = 1445.633 ; gain = 564.070
---------------------------------------------------------------------------------
---------------------------------------------------------------------------------
Start ROM, RAM, DSP, Shift Register and Retiming Reporting
---------------------------------------------------------------------------------

Block RAM: Preliminary Mapping Report (see note below)
+------------+-------------------+------------------------+---+---+------------------------+---+---+------------------+--------+--------+
|Module Name | RTL Object        | PORT A (Depth x Width) | W | R | PORT B (Depth x Width) | W | R | Ports driving FF | RAMB18 | RAMB36 | 
+------------+-------------------+------------------------+---+---+------------------------+---+---+------------------+--------+--------+
|OTTER_MCU   | Memory/memory_reg | 16 K x 32(READ_FIRST)  | W | R | 16 K x 32(WRITE_FIRST) |   | R | Port A and B     | 0      | 16     | 
+------------+-------------------+------------------------+---+---+------------------------+---+---+------------------+--------+--------+

Note: The table above is a preliminary report that shows the Block RAMs at the current stage of the synthesis flow. Some Block RAMs may be reimplemented as non Block RAM primitives later in the synthesis flow. Multiple instantiated Block RAMs are reported only once. 

Distributed RAM: Preliminary Mapping Report (see note below)
+------------+-----------------+-----------+----------------------+--------------+
|Module Name | RTL Object      | Inference | Size (Depth x Width) | Primitives   | 
+------------+-----------------+-----------+----------------------+--------------+
|OTTER_MCU   | RegFile/RAM_reg | Implied   | 32 x 32              | RAM32M x 12  | 
+------------+-----------------+-----------+----------------------+--------------+

Note: The table above is a preliminary report that shows the Distributed RAMs at the current stage of the synthesis flow. Some Distributed RAMs may be reimplemented as non Distributed RAM primitives later in the synthesis flow. Multiple instantiated RAMs are reported only once.
---------------------------------------------------------------------------------
Finished ROM, RAM, DSP, Shift Register and Retiming Reporting
---------------------------------------------------------------------------------
---------------------------------------------------------------------------------
Start Applying XDC Timing Constraints
---------------------------------------------------------------------------------
---------------------------------------------------------------------------------
Finished Applying XDC Timing Constraints : Time (s): cpu = 00:01:42 ; elapsed = 00:01:45 . Memory (MB): peak = 1449.668 ; gain = 568.105
---------------------------------------------------------------------------------
---------------------------------------------------------------------------------
Start Timing Optimization
---------------------------------------------------------------------------------
---------------------------------------------------------------------------------
Finished Timing Optimization : Time (s): cpu = 00:01:43 ; elapsed = 00:01:46 . Memory (MB): peak = 1452.562 ; gain = 571.000
---------------------------------------------------------------------------------
---------------------------------------------------------------------------------
Start ROM, RAM, DSP, Shift Register and Retiming Reporting
---------------------------------------------------------------------------------

Block RAM: Final Mapping Report
+------------+-------------------+------------------------+---+---+------------------------+---+---+------------------+--------+--------+
|Module Name | RTL Object        | PORT A (Depth x Width) | W | R | PORT B (Depth x Width) | W | R | Ports driving FF | RAMB18 | RAMB36 | 
+------------+-------------------+------------------------+---+---+------------------------+---+---+------------------+--------+--------+
|OTTER_MCU   | Memory/memory_reg | 16 K x 32(READ_FIRST)  | W | R | 16 K x 32(WRITE_FIRST) |   | R | Port A and B     | 0      | 16     | 
+------------+-------------------+------------------------+---+---+------------------------+---+---+------------------+--------+--------+


Distributed RAM: Final Mapping Report
+------------+-----------------+-----------+----------------------+--------------+
|Module Name | RTL Object      | Inference | Size (Depth x Width) | Primitives   | 
+------------+-----------------+-----------+----------------------+--------------+
|OTTER_MCU   | RegFile/RAM_reg | Implied   | 32 x 32              | RAM32M x 12  | 
+------------+-----------------+-----------+----------------------+--------------+

---------------------------------------------------------------------------------
Finished ROM, RAM, DSP, Shift Register and Retiming Reporting
---------------------------------------------------------------------------------
---------------------------------------------------------------------------------
Start Technology Mapping
---------------------------------------------------------------------------------
INFO: [Synth 8-7052] The timing for the instance OTTER_MCU/Memory/memory_reg_bram_0 (implemented as a Block RAM) might be sub-optimal as no optional output register could be merged into the ram block. Providing additional output register may help in improving timing.
INFO: [Synth 8-7052] The timing for the instance OTTER_MCU/Memory/memory_reg_bram_0 (implemented as a Block RAM) might be sub-optimal as no optional output register could be merged into the ram block. Providing additional output register may help in improving timing.
INFO: [Synth 8-7052] The timing for the instance OTTER_MCU/Memory/memory_reg_bram_1 (implemented as a Block RAM) might be sub-optimal as no optional output register could be merged into the ram block. Providing additional output register may help in improving timing.
INFO: [Synth 8-7052] The timing for the instance OTTER_MCU/Memory/memory_reg_bram_1 (implemented as a Block RAM) might be sub-optimal as no optional output register could be merged into the ram block. Providing additional output register may help in improving timing.
INFO: [Synth 8-7052] The timing for the instance OTTER_MCU/Memory/memory_reg_bram_2 (implemented as a Block RAM) might be sub-optimal as no optional output register could be merged into the ram block. Providing additional output register may help in improving timing.
INFO: [Synth 8-7052] The timing for the instance OTTER_MCU/Memory/memory_reg_bram_2 (implemented as a Block RAM) might be sub-optimal as no optional output register could be merged into the ram block. Providing additional output register may help in improving timing.
INFO: [Synth 8-7052] The timing for the instance OTTER_MCU/Memory/memory_reg_bram_3 (implemented as a Block RAM) might be sub-optimal as no optional output register could be merged into the ram block. Providing additional output register may help in improving timing.
INFO: [Synth 8-7052] The timing for the instance OTTER_MCU/Memory/memory_reg_bram_3 (implemented as a Block RAM) might be sub-optimal as no optional output register could be merged into the ram block. Providing additional output register may help in improving timing.
INFO: [Synth 8-7052] The timing for the instance OTTER_MCU/Memory/memory_reg_bram_4 (implemented as a Block RAM) might be sub-optimal as no optional output register could be merged into the ram block. Providing additional output register may help in improving timing.
INFO: [Synth 8-7052] The timing for the instance OTTER_MCU/Memory/memory_reg_bram_4 (implemented as a Block RAM) might be sub-optimal as no optional output register could be merged into the ram block. Providing additional output register may help in improving timing.
INFO: [Synth 8-7052] The timing for the instance OTTER_MCU/Memory/memory_reg_bram_5 (implemented as a Block RAM) might be sub-optimal as no optional output register could be merged into the ram block. Providing additional output register may help in improving timing.
INFO: [Synth 8-7052] The timing for the instance OTTER_MCU/Memory/memory_reg_bram_5 (implemented as a Block RAM) might be sub-optimal as no optional output register could be merged into the ram block. Providing additional output register may help in improving timing.
INFO: [Synth 8-7052] The timing for the instance OTTER_MCU/Memory/memory_reg_bram_6 (implemented as a Block RAM) might be sub-optimal as no optional output register could be merged into the ram block. Providing additional output register may help in improving timing.
INFO: [Synth 8-7052] The timing for the instance OTTER_MCU/Memory/memory_reg_bram_6 (implemented as a Block RAM) might be sub-optimal as no optional output register could be merged into the ram block. Providing additional output register may help in improving timing.
INFO: [Synth 8-7052] The timing for the instance OTTER_MCU/Memory/memory_reg_bram_7 (implemented as a Block RAM) might be sub-optimal as no optional output register could be merged into the ram block. Providing additional output register may help in improving timing.
INFO: [Synth 8-7052] The timing for the instance OTTER_MCU/Memory/memory_reg_bram_7 (implemented as a Block RAM) might be sub-optimal as no optional output register could be merged into the ram block. Providing additional output register may help in improving timing.
INFO: [Synth 8-7052] The timing for the instance OTTER_MCU/Memory/memory_reg_bram_8 (implemented as a Block RAM) might be sub-optimal as no optional output register could be merged into the ram block. Providing additional output register may help in improving timing.
INFO: [Synth 8-7052] The timing for the instance OTTER_MCU/Memory/memory_reg_bram_8 (implemented as a Block RAM) might be sub-optimal as no optional output register could be merged into the ram block. Providing additional output register may help in improving timing.
INFO: [Synth 8-7052] The timing for the instance OTTER_MCU/Memory/memory_reg_bram_9 (implemented as a Block RAM) might be sub-optimal as no optional output register could be merged into the ram block. Providing additional output register may help in improving timing.
INFO: [Synth 8-7052] The timing for the instance OTTER_MCU/Memory/memory_reg_bram_9 (implemented as a Block RAM) might be sub-optimal as no optional output register could be merged into the ram block. Providing additional output register may help in improving timing.
INFO: [Synth 8-7052] The timing for the instance OTTER_MCU/Memory/memory_reg_bram_10 (implemented as a Block RAM) might be sub-optimal as no optional output register could be merged into the ram block. Providing additional output register may help in improving timing.
INFO: [Synth 8-7052] The timing for the instance OTTER_MCU/Memory/memory_reg_bram_10 (implemented as a Block RAM) might be sub-optimal as no optional output register could be merged into the ram block. Providing additional output register may help in improving timing.
INFO: [Synth 8-7052] The timing for the instance OTTER_MCU/Memory/memory_reg_bram_11 (implemented as a Block RAM) might be sub-optimal as no optional output register could be merged into the ram block. Providing additional output register may help in improving timing.
INFO: [Synth 8-7052] The timing for the instance OTTER_MCU/Memory/memory_reg_bram_11 (implemented as a Block RAM) might be sub-optimal as no optional output register could be merged into the ram block. Providing additional output register may help in improving timing.
INFO: [Synth 8-7052] The timing for the instance OTTER_MCU/Memory/memory_reg_bram_12 (implemented as a Block RAM) might be sub-optimal as no optional output register could be merged into the ram block. Providing additional output register may help in improving timing.
INFO: [Synth 8-7052] The timing for the instance OTTER_MCU/Memory/memory_reg_bram_12 (implemented as a Block RAM) might be sub-optimal as no optional output register could be merged into the ram block. Providing additional output register may help in improving timing.
INFO: [Synth 8-7052] The timing for the instance OTTER_MCU/Memory/memory_reg_bram_13 (implemented as a Block RAM) might be sub-optimal as no optional output register could be merged into the ram block. Providing additional output register may help in improving timing.
INFO: [Synth 8-7052] The timing for the instance OTTER_MCU/Memory/memory_reg_bram_13 (implemented as a Block RAM) might be sub-optimal as no optional output register could be merged into the ram block. Providing additional output register may help in improving timing.
INFO: [Synth 8-7052] The timing for the instance OTTER_MCU/Memory/memory_reg_bram_14 (implemented as a Block RAM) might be sub-optimal as no optional output register could be merged into the ram block. Providing additional output register may help in improving timing.
INFO: [Synth 8-7052] The timing for the instance OTTER_MCU/Memory/memory_reg_bram_14 (implemented as a Block RAM) might be sub-optimal as no optional output register could be merged into the ram block. Providing additional output register may help in improving timing.
INFO: [Synth 8-7052] The timing for the instance OTTER_MCU/Memory/memory_reg_bram_15 (implemented as a Block RAM) might be sub-optimal as no optional output register could be merged into the ram block. Providing additional output register may help in improving timing.
INFO: [Synth 8-7052] The timing for the instance OTTER_MCU/Memory/memory_reg_bram_15 (implemented as a Block RAM) might be sub-optimal as no optional output register could be merged into the ram block. Providing additional output register may help in improving timing.
---------------------------------------------------------------------------------
Finished Technology Mapping : Time (s): cpu = 00:01:46 ; elapsed = 00:01:49 . Memory (MB): peak = 1487.234 ; gain = 605.672
---------------------------------------------------------------------------------
---------------------------------------------------------------------------------
Start IO Insertion
---------------------------------------------------------------------------------
---------------------------------------------------------------------------------
Start Flattening Before IO Insertion
---------------------------------------------------------------------------------
---------------------------------------------------------------------------------
Finished Flattening Before IO Insertion
---------------------------------------------------------------------------------
---------------------------------------------------------------------------------
Start Final Netlist Cleanup
---------------------------------------------------------------------------------
---------------------------------------------------------------------------------
Finished Final Netlist Cleanup
---------------------------------------------------------------------------------
---------------------------------------------------------------------------------
Finished IO Insertion : Time (s): cpu = 00:01:56 ; elapsed = 00:01:59 . Memory (MB): peak = 1501.078 ; gain = 619.516
---------------------------------------------------------------------------------
---------------------------------------------------------------------------------
Start Renaming Generated Instances
---------------------------------------------------------------------------------
---------------------------------------------------------------------------------
Finished Renaming Generated Instances : Time (s): cpu = 00:01:56 ; elapsed = 00:01:59 . Memory (MB): peak = 1501.078 ; gain = 619.516
---------------------------------------------------------------------------------
---------------------------------------------------------------------------------
Start Rebuilding User Hierarchy
---------------------------------------------------------------------------------
---------------------------------------------------------------------------------
Finished Rebuilding User Hierarchy : Time (s): cpu = 00:01:57 ; elapsed = 00:02:00 . Memory (MB): peak = 1501.078 ; gain = 619.516
---------------------------------------------------------------------------------
---------------------------------------------------------------------------------
Start Renaming Generated Ports
---------------------------------------------------------------------------------
---------------------------------------------------------------------------------
Finished Renaming Generated Ports : Time (s): cpu = 00:01:57 ; elapsed = 00:02:00 . Memory (MB): peak = 1501.078 ; gain = 619.516
---------------------------------------------------------------------------------
---------------------------------------------------------------------------------
Start Handling Custom Attributes
---------------------------------------------------------------------------------
---------------------------------------------------------------------------------
Finished Handling Custom Attributes : Time (s): cpu = 00:01:57 ; elapsed = 00:02:00 . Memory (MB): peak = 1501.094 ; gain = 619.531
---------------------------------------------------------------------------------
---------------------------------------------------------------------------------
Start Renaming Generated Nets
---------------------------------------------------------------------------------
---------------------------------------------------------------------------------
Finished Renaming Generated Nets : Time (s): cpu = 00:01:57 ; elapsed = 00:02:00 . Memory (MB): peak = 1501.094 ; gain = 619.531
---------------------------------------------------------------------------------
---------------------------------------------------------------------------------
Start ROM, RAM, DSP, Shift Register and Retiming Reporting
---------------------------------------------------------------------------------

Static Shift Register Report:
+--------------+-------------------------------+--------+-------+--------------+--------------------+-------------------+--------+---------+
|Module Name   | RTL Name                      | Length | Width | Reset Signal | Pull out first Reg | Pull out last Reg | SRL16E | SRLC32E | 
+--------------+-------------------------------+--------+-------+--------------+--------------------+-------------------+--------+---------+
|OTTER_Wrapper | Debouncer1/oneshot_reg_reg[4] | 4      | 1     | NO           | NO                 | YES               | 1      | 0       | 
+--------------+-------------------------------+--------+-------+--------------+--------------------+-------------------+--------+---------+

---------------------------------------------------------------------------------
Finished ROM, RAM, DSP, Shift Register and Retiming Reporting
---------------------------------------------------------------------------------
---------------------------------------------------------------------------------
Start Writing Synthesis Report
---------------------------------------------------------------------------------

Report BlackBoxes: 
+-+--------------+----------+
| |BlackBox name |Instances |
+-+--------------+----------+
+-+--------------+----------+

Report Cell Usage: 
+------+---------+------+
|      |Cell     |Count |
+------+---------+------+
|1     |BUFG     |     2|
|2     |CARRY4   |    86|
|3     |LUT1     |    45|
|4     |LUT2     |   197|
|5     |LUT3     |   200|
|6     |LUT4     |   246|
|7     |LUT5     |   273|
|8     |LUT6     |   985|
|9     |MUXF7    |   119|
|10    |MUXF8    |    55|
|11    |RAM32M   |    10|
|12    |RAM32X1D |     4|
|13    |RAMB36E1 |    16|
|15    |SRL16E   |     1|
|16    |FDRE     |   293|
|17    |FDSE     |     5|
|18    |IBUF     |    20|
|19    |OBUF     |    36|
+------+---------+------+
---------------------------------------------------------------------------------
Finished Writing Synthesis Report : Time (s): cpu = 00:01:57 ; elapsed = 00:02:00 . Memory (MB): peak = 1501.094 ; gain = 619.531
---------------------------------------------------------------------------------
Synthesis finished with 0 errors, 0 critical warnings and 76 warnings.
Synthesis Optimization Runtime : Time (s): cpu = 00:01:35 ; elapsed = 00:01:55 . Memory (MB): peak = 1501.094 ; gain = 589.711
Synthesis Optimization Complete : Time (s): cpu = 00:01:57 ; elapsed = 00:02:00 . Memory (MB): peak = 1501.094 ; gain = 619.531
INFO: [Project 1-571] Translating synthesized netlist
Netlist sorting complete. Time (s): cpu = 00:00:00 ; elapsed = 00:00:00.088 . Memory (MB): peak = 1513.172 ; gain = 0.000
INFO: [Netlist 29-17] Analyzing 290 Unisim elements for replacement
INFO: [Netlist 29-28] Unisim Transformation completed in 0 CPU seconds
INFO: [Project 1-570] Preparing netlist for logic optimization
INFO: [Opt 31-138] Pushed 0 inverter(s) to 0 load pin(s).
Netlist sorting complete. Time (s): cpu = 00:00:00 ; elapsed = 00:00:00.002 . Memory (MB): peak = 1516.980 ; gain = 0.000
INFO: [Project 1-111] Unisim Transformation Summary:
  A total of 14 instances were transformed.
  RAM32M => RAM32M (RAMD32(x6), RAMS32(x2)): 10 instances
  RAM32X1D => RAM32X1D (RAMD32(x2)): 4 instances

Synth Design complete | Checksum: dec6a877
INFO: [Common 17-83] Releasing license: Synthesis
143 Infos, 118 Warnings, 0 Critical Warnings and 0 Errors encountered.
synth_design completed successfully
synth_design: Time (s): cpu = 00:02:14 ; elapsed = 00:02:18 . Memory (MB): peak = 1516.980 ; gain = 1015.137
INFO: [Common 17-1381] The checkpoint 'Z:/Documents/git/CPE233_Final/OTTER_MCU_Stepper/OTTER_MCU.runs/synth_1/OTTER_Wrapper.dcp' has been generated.
INFO: [runtcl-4] Executing : report_utilization -file OTTER_Wrapper_utilization_synth.rpt -pb OTTER_Wrapper_utilization_synth.pb
INFO: [Common 17-206] Exiting Vivado at Fri Mar 15 11:33:39 2024...
